<?xml version="1.0" encoding="UTF-8"?>
<testsuite name="arrays.TwoSumTest" tests="4" skipped="0" failures="0" errors="0" timestamp="2026-05-19T21:11:54.957Z" hostname="Johns-MacBook-Air.local" time="0.019">
  <properties/>
  <testcase name="negatives()" classname="arrays.TwoSumTest" time="0.014"/>
  <testcase name="basic case()" classname="arrays.TwoSumTest" time="0.001"/>
  <testcase name="duplicate numbers used()" classname="arrays.TwoSumTest" time="0.0"/>
  <testcase name="solution not at the start()" classname="arrays.TwoSumTest" time="0.0"/>
  <system-out><![CDATA[]]></system-out>
  <system-err><![CDATA[]]></system-err>
</testsuite>
